<?xml version="1.0" encoding="UTF-8"?>
<!-- Generated by org.testng.reporters.JUnitXMLReporter -->
<testsuite ignored="0" hostname="soc-PF2P9XM1" failures="2" tests="3" name="LoginTest(failed)" time="25.344" errors="0" timestamp="2024-07-21T12:34:56 IST">
  <testcase classname="com.eBanking.testCases.TC_LoginTest_001" name="loginTest" time="2.505"/>
  <testcase classname="com.eBanking.testCases.TC_LoginTestDDT_002" name="loginDDT" time="2.67">
    <failure type="java.lang.AssertionError" message="expected [true] but found [false]">
      <![CDATA[java.lang.AssertionError: expected [true] but found [false]
at com.eBanking.testCases.TC_LoginTestDDT_002.loginDDT(TC_LoginTestDDT_002.java:28)
at java.base/java.util.ArrayList.forEach(ArrayList.java:1597)
... Removed 29 stack frames]]>
    </failure>
  </testcase> <!-- loginDDT -->
  <testcase classname="com.eBanking.testCases.TC_LoginTestDDT_002" name="loginDDT" time="3.216">
    <failure type="java.lang.AssertionError" message="expected [true] but found [false]">
      <![CDATA[java.lang.AssertionError: expected [true] but found [false]
at com.eBanking.testCases.TC_LoginTestDDT_002.loginDDT(TC_LoginTestDDT_002.java:28)
at java.base/java.util.ArrayList.forEach(ArrayList.java:1597)
... Removed 29 stack frames]]>
    </failure>
  </testcase> <!-- loginDDT -->
</testsuite> <!-- LoginTest(failed) -->
